<test-run asserts="0" clr-version="3.7.2 (remotes/origin/master:5ce7cfa, Feb  1 2019, 21:20:23) &#10;[GCC 5.4.0 20160609]" duration="6" end-time="2019-07-15 03:40:09.393442" engine-version="3.6.2" failed="0" id="2" inconclusive="0" passed="12" result="Passed" skipped="1" start-time="2019-07-15 03:40:03.249241" testcasecount="13" total="13"><command-line>/opt/hostedtoolcache/Python/3.7.2/x64/lib/python3.7/site-packages/pytest.py tests/integration -v --nunit-xml=test-results-integration.xml</command-line><filter /><test-suite asserts="0" classname="" duration="6.144201" end-time="2019-07-15 03:40:09.393442" failed="0" fullname="pytest" id="3" inconclusive="0" label="" methodname="" name="pytest" passed="12" result="Passed" runstate="Runnable" skipped="1" start-time="2019-07-15 03:40:03.249241" testcasecount="13" total="13" type="Assembly" warnings="0"><properties><property name="python_version" value="3.7.2 (remotes/origin/master:5ce7cfa, Feb  1 2019, 21:20:23) &#10;[GCC 5.4.0 20160609]" /></properties><test-case asserts="0" classname="" duration="0.001589" end-time="2019-07-15 03:40:04.257378" fullname="tests/integration/test_azure.py::test_attachment" id="100" label="" methodname="tests/integration/test_azure.py::test_attachment" name="tests/integration/test_azure.py::test_attachment" result="Passed" runstate="Runnable" seed="1" start-time="2019-07-15 03:40:04.255789"><properties><property name="python-version" value="3.7.2 (remotes/origin/master:5ce7cfa, Feb  1 2019, 21:20:23) &#10;[GCC 5.4.0 20160609]" /></properties><environment clr-version="3.7.2 (remotes/origin/master:5ce7cfa, Feb  1 2019, 21:20:23) &#10;[GCC 5.4.0 20160609]" culture="en-US" cwd="/home/vsts/work/1/s" framework-version="3.6.2" machine-name="x86_64" os-architecture="64bit" os-version="4.15.0-1047-azure" platform="Linux" uiculture="en-US" user="" user-domain="" /><failure><message><![CDATA[]]></message><stack-trace><![CDATA[None]]></stack-trace></failure><reason><message><![CDATA[]]></message></reason><output><![CDATA[]]></output><attachments><attachment><filePath>/home/vsts/work/1/s/tests/integration/fixture.gif</filePath><description>PBJT</description></attachment></attachments></test-case><test-case asserts="0" classname="" duration="0.001521" end-time="2019-07-15 03:40:04.260166" fullname="tests/integration/test_azure.py::test_property" id="101" label="" methodname="tests/integration/test_azure.py::test_property" name="tests/integration/test_azure.py::test_property" result="Passed" runstate="Runnable" seed="1" start-time="2019-07-15 03:40:04.258645"><properties><property name="python-version" value="3.7.2 (remotes/origin/master:5ce7cfa, Feb  1 2019, 21:20:23) &#10;[GCC 5.4.0 20160609]" /><property name="test" value="value" /></properties><environment clr-version="3.7.2 (remotes/origin/master:5ce7cfa, Feb  1 2019, 21:20:23) &#10;[GCC 5.4.0 20160609]" culture="en-US" cwd="/home/vsts/work/1/s" framework-version="3.6.2" machine-name="x86_64" os-architecture="64bit" os-version="4.15.0-1047-azure" platform="Linux" uiculture="en-US" user="" user-domain="" /><failure><message><![CDATA[]]></message><stack-trace><![CDATA[None]]></stack-trace></failure><reason><message><![CDATA[]]></message></reason><output><![CDATA[]]></output></test-case><test-case asserts="0" classname="" duration="0.026594" end-time="2019-07-15 03:40:04.287976" fullname="tests/integration/test_azure.py::test_failure" id="102" label="" methodname="tests/integration/test_azure.py::test_failure" name="tests/integration/test_azure.py::test_failure" result="Passed" runstate="Runnable" seed="1" start-time="2019-07-15 03:40:04.261382"><properties><property name="python-version" value="3.7.2 (remotes/origin/master:5ce7cfa, Feb  1 2019, 21:20:23) &#10;[GCC 5.4.0 20160609]" /></properties><environment clr-version="3.7.2 (remotes/origin/master:5ce7cfa, Feb  1 2019, 21:20:23) &#10;[GCC 5.4.0 20160609]" culture="en-US" cwd="/home/vsts/work/1/s" framework-version="3.6.2" machine-name="x86_64" os-architecture="64bit" os-version="4.15.0-1047-azure" platform="Linux" uiculture="en-US" user="" user-domain="" /><failure><message><![CDATA[@pytest.mark.xfail
    def test_failure():
>       assert 1 == 0
E       assert 1 == 0
E         -1
E         +0

tests/integration/test_azure.py:28: AssertionError]]></message><stack-trace><![CDATA[/home/vsts/work/1/s/tests/integration/test_azure.py:28: assert 1 == 0]]></stack-trace></failure><reason><message><![CDATA[]]></message></reason><output><![CDATA[]]></output></test-case><test-case asserts="0" classname="" duration="0" end-time="2019-07-15 03:40:04.290059" fullname="tests/integration/test_azure.py::test_skip" id="103" label="" methodname="tests/integration/test_azure.py::test_skip" name="tests/integration/test_azure.py::test_skip" result="Skipped" runstate="Skipped" seed="1" start-time="2019-07-15 03:40:04.289274"><properties><property name="python-version" value="3.7.2 (remotes/origin/master:5ce7cfa, Feb  1 2019, 21:20:23) &#10;[GCC 5.4.0 20160609]" /></properties><environment clr-version="3.7.2 (remotes/origin/master:5ce7cfa, Feb  1 2019, 21:20:23) &#10;[GCC 5.4.0 20160609]" culture="en-US" cwd="/home/vsts/work/1/s" framework-version="3.6.2" machine-name="x86_64" os-architecture="64bit" os-version="4.15.0-1047-azure" platform="Linux" uiculture="en-US" user="" user-domain="" /><failure><message><![CDATA[Skipped: Example skip]]></message><stack-trace><![CDATA[tests/integration/test_azure.py::30]]></stack-trace></failure><reason><message><![CDATA[]]></message></reason><output><![CDATA[]]></output></test-case><test-case asserts="0" classname="" duration="0.26787" end-time="2019-07-15 03:40:04.561129" fullname="tests/integration/test_properties.py::test_basic_property" id="104" label="" methodname="tests/integration/test_properties.py::test_basic_property" name="tests/integration/test_properties.py::test_basic_property" result="Passed" runstate="Runnable" seed="1" start-time="2019-07-15 03:40:04.293259"><properties><property name="python-version" value="3.7.2 (remotes/origin/master:5ce7cfa, Feb  1 2019, 21:20:23) &#10;[GCC 5.4.0 20160609]" /></properties><environment clr-version="3.7.2 (remotes/origin/master:5ce7cfa, Feb  1 2019, 21:20:23) &#10;[GCC 5.4.0 20160609]" culture="en-US" cwd="/home/vsts/work/1/s" framework-version="3.6.2" machine-name="x86_64" os-architecture="64bit" os-version="4.15.0-1047-azure" platform="Linux" uiculture="en-US" user="" user-domain="" /><failure><message><![CDATA[]]></message><stack-trace><![CDATA[None]]></stack-trace></failure><reason><message><![CDATA[DEBUG    __name__:plugin.py:86 record_test_report:<TestReport 'test_basic_property.py::test_basic' when='setup' outcome='passed'>
DEBUG    __name__:plugin.py:86 record_test_report:<TestReport 'test_basic_property.py::test_basic' when='call' outcome='passed'>
DEBUG    __name__:plugin.py:86 record_test_report:<TestReport 'test_basic_property.py::test_basic' when='teardown' outcome='passed'>]]></message></reason><output><![CDATA[DEBUG    __name__:plugin.py:86 record_test_report:<TestReport 'test_basic_property.py::test_basic' when='setup' outcome='passed'>
DEBUG    __name__:plugin.py:86 record_test_report:<TestReport 'test_basic_property.py::test_basic' when='call' outcome='passed'>
DEBUG    __name__:plugin.py:86 record_test_report:<TestReport 'test_basic_property.py::test_basic' when='teardown' outcome='passed'>]]></output></test-case><test-case asserts="0" classname="TestClass" duration="0.17536" end-time="2019-07-15 03:40:04.738889" fullname="tests/integration/test_properties.py::test_attachment" id="105" label="" methodname="test_method" name="tests/integration/test_properties.py::test_attachment" result="Passed" runstate="Runnable" seed="1" start-time="2019-07-15 03:40:04.563529"><properties><property name="python-version" value="3.7.2 (remotes/origin/master:5ce7cfa, Feb  1 2019, 21:20:23) &#10;[GCC 5.4.0 20160609]" /></properties><environment clr-version="3.7.2 (remotes/origin/master:5ce7cfa, Feb  1 2019, 21:20:23) &#10;[GCC 5.4.0 20160609]" culture="en-US" cwd="/home/vsts/work/1/s" framework-version="3.6.2" machine-name="x86_64" os-architecture="64bit" os-version="4.15.0-1047-azure" platform="Linux" uiculture="en-US" user="" user-domain="" /><failure><message><![CDATA[]]></message><stack-trace><![CDATA[None]]></stack-trace></failure><reason><message><![CDATA[DEBUG    __name__:plugin.py:86 record_test_report:<TestReport 'test_attachment.py::test_basic' when='setup' outcome='passed'>
DEBUG    __name__:plugin.py:86 record_test_report:<TestReport 'test_attachment.py::test_basic' when='call' outcome='passed'>
DEBUG    __name__:plugin.py:86 record_test_report:<TestReport 'test_attachment.py::test_basic' when='teardown' outcome='passed'>]]></message></reason><output><![CDATA[DEBUG    __name__:plugin.py:86 record_test_report:<TestReport 'test_attachment.py::test_basic' when='setup' outcome='passed'>
DEBUG    __name__:plugin.py:86 record_test_report:<TestReport 'test_attachment.py::test_basic' when='call' outcome='passed'>
DEBUG    __name__:plugin.py:86 record_test_report:<TestReport 'test_attachment.py::test_basic' when='teardown' outcome='passed'>]]></output></test-case><test-case asserts="0" classname="" duration="3.180912" end-time="2019-07-15 03:40:07.921824" fullname="tests/integration/test_properties.py::test_slow_test" id="106" label="" methodname="tests/integration/test_properties.py::test_slow_test" name="tests/integration/test_properties.py::test_slow_test" result="Passed" runstate="Runnable" seed="1" start-time="2019-07-15 03:40:04.740912"><properties><property name="python-version" value="3.7.2 (remotes/origin/master:5ce7cfa, Feb  1 2019, 21:20:23) &#10;[GCC 5.4.0 20160609]" /></properties><environment clr-version="3.7.2 (remotes/origin/master:5ce7cfa, Feb  1 2019, 21:20:23) &#10;[GCC 5.4.0 20160609]" culture="en-US" cwd="/home/vsts/work/1/s" framework-version="3.6.2" machine-name="x86_64" os-architecture="64bit" os-version="4.15.0-1047-azure" platform="Linux" uiculture="en-US" user="" user-domain="" /><failure><message><![CDATA[]]></message><stack-trace><![CDATA[None]]></stack-trace></failure><reason><message><![CDATA[DEBUG    __name__:plugin.py:86 record_test_report:<TestReport 'test_slow_test.py::test_basic' when='setup' outcome='passed'>
DEBUG    __name__:plugin.py:86 record_test_report:<TestReport 'test_slow_test.py::test_basic' when='call' outcome='passed'>
DEBUG    __name__:plugin.py:86 record_test_report:<TestReport 'test_slow_test.py::test_basic' when='teardown' outcome='passed'>]]></message></reason><output><![CDATA[DEBUG    __name__:plugin.py:86 record_test_report:<TestReport 'test_slow_test.py::test_basic' when='setup' outcome='passed'>
DEBUG    __name__:plugin.py:86 record_test_report:<TestReport 'test_slow_test.py::test_basic' when='call' outcome='passed'>
DEBUG    __name__:plugin.py:86 record_test_report:<TestReport 'test_slow_test.py::test_basic' when='teardown' outcome='passed'>]]></output></test-case><test-case asserts="0" classname="" duration="0.46089" end-time="2019-07-15 03:40:08.384840" fullname="tests/integration/test_schema.py::test_basic_against_reference_schema" id="107" label="" methodname="tests/integration/test_schema.py::test_basic_against_reference_schema" name="tests/integration/test_schema.py::test_basic_against_reference_schema" result="Passed" runstate="Runnable" seed="1" start-time="2019-07-15 03:40:07.923950"><properties><property name="python-version" value="3.7.2 (remotes/origin/master:5ce7cfa, Feb  1 2019, 21:20:23) &#10;[GCC 5.4.0 20160609]" /></properties><environment clr-version="3.7.2 (remotes/origin/master:5ce7cfa, Feb  1 2019, 21:20:23) &#10;[GCC 5.4.0 20160609]" culture="en-US" cwd="/home/vsts/work/1/s" framework-version="3.6.2" machine-name="x86_64" os-architecture="64bit" os-version="4.15.0-1047-azure" platform="Linux" uiculture="en-US" user="" user-domain="" /><failure><message><![CDATA[]]></message><stack-trace><![CDATA[None]]></stack-trace></failure><reason><message><![CDATA[DEBUG    __name__:plugin.py:86 record_test_report:<TestReport 'test_basic_against_reference_schema.py::test_basic' when='setup' outcome='passed'>
DEBUG    __name__:plugin.py:86 record_test_report:<TestReport 'test_basic_against_reference_schema.py::test_basic' when='call' outcome='passed'>
DEBUG    __name__:plugin.py:86 record_test_report:<TestReport 'test_basic_against_reference_schema.py::test_basic' when='teardown' outcome='passed'>]]></message></reason><output><![CDATA[DEBUG    __name__:plugin.py:86 record_test_report:<TestReport 'test_basic_against_reference_schema.py::test_basic' when='setup' outcome='passed'>
DEBUG    __name__:plugin.py:86 record_test_report:<TestReport 'test_basic_against_reference_schema.py::test_basic' when='call' outcome='passed'>
DEBUG    __name__:plugin.py:86 record_test_report:<TestReport 'test_basic_against_reference_schema.py::test_basic' when='teardown' outcome='passed'>]]></output></test-case><test-case asserts="0" classname="" duration="0.158263" end-time="2019-07-15 03:40:08.545385" fullname="tests/integration/test_tests.py::test_passing_test" id="108" label="" methodname="tests/integration/test_tests.py::test_passing_test" name="tests/integration/test_tests.py::test_passing_test" result="Passed" runstate="Runnable" seed="1" start-time="2019-07-15 03:40:08.387122"><properties><property name="python-version" value="3.7.2 (remotes/origin/master:5ce7cfa, Feb  1 2019, 21:20:23) &#10;[GCC 5.4.0 20160609]" /></properties><environment clr-version="3.7.2 (remotes/origin/master:5ce7cfa, Feb  1 2019, 21:20:23) &#10;[GCC 5.4.0 20160609]" culture="en-US" cwd="/home/vsts/work/1/s" framework-version="3.6.2" machine-name="x86_64" os-architecture="64bit" os-version="4.15.0-1047-azure" platform="Linux" uiculture="en-US" user="" user-domain="" /><failure><message><![CDATA[]]></message><stack-trace><![CDATA[None]]></stack-trace></failure><reason><message><![CDATA[DEBUG    __name__:plugin.py:86 record_test_report:<TestReport 'test_passing_test.py::test_pass' when='setup' outcome='passed'>
DEBUG    __name__:plugin.py:86 record_test_report:<TestReport 'test_passing_test.py::test_pass' when='call' outcome='passed'>
DEBUG    __name__:plugin.py:86 record_test_report:<TestReport 'test_passing_test.py::test_pass' when='teardown' outcome='passed'>]]></message></reason><output><![CDATA[DEBUG    __name__:plugin.py:86 record_test_report:<TestReport 'test_passing_test.py::test_pass' when='setup' outcome='passed'>
DEBUG    __name__:plugin.py:86 record_test_report:<TestReport 'test_passing_test.py::test_pass' when='call' outcome='passed'>
DEBUG    __name__:plugin.py:86 record_test_report:<TestReport 'test_passing_test.py::test_pass' when='teardown' outcome='passed'>]]></output></test-case><test-case asserts="0" classname="" duration="0.185101" end-time="2019-07-15 03:40:08.732956" fullname="tests/integration/test_tests.py::test_failing_test" id="109" label="" methodname="tests/integration/test_tests.py::test_failing_test" name="tests/integration/test_tests.py::test_failing_test" result="Passed" runstate="Runnable" seed="1" start-time="2019-07-15 03:40:08.547855"><properties><property name="python-version" value="3.7.2 (remotes/origin/master:5ce7cfa, Feb  1 2019, 21:20:23) &#10;[GCC 5.4.0 20160609]" /></properties><environment clr-version="3.7.2 (remotes/origin/master:5ce7cfa, Feb  1 2019, 21:20:23) &#10;[GCC 5.4.0 20160609]" culture="en-US" cwd="/home/vsts/work/1/s" framework-version="3.6.2" machine-name="x86_64" os-architecture="64bit" os-version="4.15.0-1047-azure" platform="Linux" uiculture="en-US" user="" user-domain="" /><failure><message><![CDATA[]]></message><stack-trace><![CDATA[None]]></stack-trace></failure><reason><message><![CDATA[DEBUG    __name__:plugin.py:86 record_test_report:<TestReport 'test_failing_test.py::test_fail' when='setup' outcome='passed'>
DEBUG    __name__:plugin.py:86 record_test_report:<TestReport 'test_failing_test.py::test_fail' when='call' outcome='failed'>
DEBUG    __name__:plugin.py:86 record_test_report:<TestReport 'test_failing_test.py::test_fail' when='teardown' outcome='passed'>]]></message></reason><output><![CDATA[DEBUG    __name__:plugin.py:86 record_test_report:<TestReport 'test_failing_test.py::test_fail' when='setup' outcome='passed'>
DEBUG    __name__:plugin.py:86 record_test_report:<TestReport 'test_failing_test.py::test_fail' when='call' outcome='failed'>
DEBUG    __name__:plugin.py:86 record_test_report:<TestReport 'test_failing_test.py::test_fail' when='teardown' outcome='passed'>]]></output></test-case><test-case asserts="0" classname="" duration="0.263492" end-time="2019-07-15 03:40:08.999198" fullname="tests/integration/test_tests.py::test_skipped_test" id="110" label="" methodname="tests/integration/test_tests.py::test_skipped_test" name="tests/integration/test_tests.py::test_skipped_test" result="Passed" runstate="Runnable" seed="1" start-time="2019-07-15 03:40:08.735706"><properties><property name="python-version" value="3.7.2 (remotes/origin/master:5ce7cfa, Feb  1 2019, 21:20:23) &#10;[GCC 5.4.0 20160609]" /></properties><environment clr-version="3.7.2 (remotes/origin/master:5ce7cfa, Feb  1 2019, 21:20:23) &#10;[GCC 5.4.0 20160609]" culture="en-US" cwd="/home/vsts/work/1/s" framework-version="3.6.2" machine-name="x86_64" os-architecture="64bit" os-version="4.15.0-1047-azure" platform="Linux" uiculture="en-US" user="" user-domain="" /><failure><message><![CDATA[]]></message><stack-trace><![CDATA[None]]></stack-trace></failure><reason><message><![CDATA[DEBUG    __name__:plugin.py:86 record_test_report:<TestReport 'test_skipped_test.py::test_skip' when='setup' outcome='skipped'>
DEBUG    __name__:plugin.py:102 skipping : ('test_skipped_test.py', 2, 'Skipped: unconditional skip')
DEBUG    __name__:plugin.py:86 record_test_report:<TestReport 'test_skipped_test.py::test_skip' when='teardown' outcome='passed'>]]></message></reason><output><![CDATA[DEBUG    __name__:plugin.py:86 record_test_report:<TestReport 'test_skipped_test.py::test_skip' when='setup' outcome='skipped'>
DEBUG    __name__:plugin.py:102 skipping : ('test_skipped_test.py', 2, 'Skipped: unconditional skip')
DEBUG    __name__:plugin.py:86 record_test_report:<TestReport 'test_skipped_test.py::test_skip' when='teardown' outcome='passed'>]]></output></test-case><test-case asserts="0" classname="" duration="0.214366" end-time="2019-07-15 03:40:09.216699" fullname="tests/integration/test_tests.py::test_all_outcomes" id="111" label="" methodname="tests/integration/test_tests.py::test_all_outcomes" name="tests/integration/test_tests.py::test_all_outcomes" result="Passed" runstate="Runnable" seed="1" start-time="2019-07-15 03:40:09.002333"><properties><property name="python-version" value="3.7.2 (remotes/origin/master:5ce7cfa, Feb  1 2019, 21:20:23) &#10;[GCC 5.4.0 20160609]" /></properties><environment clr-version="3.7.2 (remotes/origin/master:5ce7cfa, Feb  1 2019, 21:20:23) &#10;[GCC 5.4.0 20160609]" culture="en-US" cwd="/home/vsts/work/1/s" framework-version="3.6.2" machine-name="x86_64" os-architecture="64bit" os-version="4.15.0-1047-azure" platform="Linux" uiculture="en-US" user="" user-domain="" /><failure><message><![CDATA[]]></message><stack-trace><![CDATA[None]]></stack-trace></failure><reason><message><![CDATA[DEBUG    __name__:plugin.py:86 record_test_report:<TestReport 'test_all_outcomes.py::test_pass' when='setup' outcome='passed'>
DEBUG    __name__:plugin.py:86 record_test_report:<TestReport 'test_all_outcomes.py::test_pass' when='call' outcome='passed'>
DEBUG    __name__:plugin.py:86 record_test_report:<TestReport 'test_all_outcomes.py::test_pass' when='teardown' outcome='passed'>
DEBUG    __name__:plugin.py:86 record_test_report:<TestReport 'test_all_outcomes.py::test_fail' when='setup' outcome='passed'>
DEBUG    __name__:plugin.py:86 record_test_report:<TestReport 'test_all_outcomes.py::test_fail' when='call' outcome='failed'>
DEBUG    __name__:plugin.py:86 record_test_report:<TestReport 'test_all_outcomes.py::test_fail' when='teardown' outcome='passed'>
DEBUG    __name__:plugin.py:86 record_test_report:<TestReport 'test_all_outcomes.py::test_skip' when='setup' outcome='skipped'>
DEBUG    __name__:plugin.py:102 skipping : ('test_all_outcomes.py', 8, 'Skipped: unconditional skip')
DEBUG    __name__:plugin.py:86 record_test_report:<TestReport 'test_all_outcomes.py::test_skip' when='teardown' outcome='passed'>]]></message></reason><output><![CDATA[DEBUG    __name__:plugin.py:86 record_test_report:<TestReport 'test_all_outcomes.py::test_pass' when='setup' outcome='passed'>
DEBUG    __name__:plugin.py:86 record_test_report:<TestReport 'test_all_outcomes.py::test_pass' when='call' outcome='passed'>
DEBUG    __name__:plugin.py:86 record_test_report:<TestReport 'test_all_outcomes.py::test_pass' when='teardown' outcome='passed'>
DEBUG    __name__:plugin.py:86 record_test_report:<TestReport 'test_all_outcomes.py::test_fail' when='setup' outcome='passed'>
DEBUG    __name__:plugin.py:86 record_test_report:<TestReport 'test_all_outcomes.py::test_fail' when='call' outcome='failed'>
DEBUG    __name__:plugin.py:86 record_test_report:<TestReport 'test_all_outcomes.py::test_fail' when='teardown' outcome='passed'>
DEBUG    __name__:plugin.py:86 record_test_report:<TestReport 'test_all_outcomes.py::test_skip' when='setup' outcome='skipped'>
DEBUG    __name__:plugin.py:102 skipping : ('test_all_outcomes.py', 8, 'Skipped: unconditional skip')
DEBUG    __name__:plugin.py:86 record_test_report:<TestReport 'test_all_outcomes.py::test_skip' when='teardown' outcome='passed'>]]></output></test-case><test-case asserts="0" classname="" duration="0.173186" end-time="2019-07-15 03:40:09.392749" fullname="tests/integration/test_tests.py::test_error_test" id="112" label="" methodname="tests/integration/test_tests.py::test_error_test" name="tests/integration/test_tests.py::test_error_test" result="Passed" runstate="Runnable" seed="1" start-time="2019-07-15 03:40:09.219563"><properties><property name="python-version" value="3.7.2 (remotes/origin/master:5ce7cfa, Feb  1 2019, 21:20:23) &#10;[GCC 5.4.0 20160609]" /></properties><environment clr-version="3.7.2 (remotes/origin/master:5ce7cfa, Feb  1 2019, 21:20:23) &#10;[GCC 5.4.0 20160609]" culture="en-US" cwd="/home/vsts/work/1/s" framework-version="3.6.2" machine-name="x86_64" os-architecture="64bit" os-version="4.15.0-1047-azure" platform="Linux" uiculture="en-US" user="" user-domain="" /><failure><message><![CDATA[]]></message><stack-trace><![CDATA[None]]></stack-trace></failure><reason><message><![CDATA[DEBUG    __name__:plugin.py:86 record_test_report:<TestReport 'test_error_test.py::test_error' when='setup' outcome='failed'>
DEBUG    __name__:plugin.py:86 record_test_report:<TestReport 'test_error_test.py::test_error' when='teardown' outcome='passed'>]]></message></reason><output><![CDATA[DEBUG    __name__:plugin.py:86 record_test_report:<TestReport 'test_error_test.py::test_error' when='setup' outcome='failed'>
DEBUG    __name__:plugin.py:86 record_test_report:<TestReport 'test_error_test.py::test_error' when='teardown' outcome='passed'>]]></output></test-case><environment clr-version="3.7.2 (remotes/origin/master:5ce7cfa, Feb  1 2019, 21:20:23) &#10;[GCC 5.4.0 20160609]" culture="en-US" cwd="/home/vsts/work/1/s" framework-version="3.6.2" machine-name="x86_64" os-architecture="64bit" os-version="4.15.0-1047-azure" platform="Linux" uiculture="en-US" user="" user-domain="" /></test-suite></test-run>